{"/Users/seankim/Dropbox/Programming/Rithm/rithm-exercises/w6/express-biztime/app.js": {"path":"/Users/seankim/Dropbox/Programming/Rithm/rithm-exercises/w6/express-biztime/app.js","statementMap":{"0":{"start":{"line":4,"column":16},"end":{"line":4,"column":34}},"1":{"start":{"line":5,"column":26},"end":{"line":5,"column":51}},"2":{"start":{"line":6,"column":24},"end":{"line":6,"column":53}},"3":{"start":{"line":7,"column":23},"end":{"line":7,"column":51}},"4":{"start":{"line":8,"column":12},"end":{"line":8,"column":21}},"5":{"start":{"line":10,"column":0},"end":{"line":10,"column":24}},"6":{"start":{"line":12,"column":0},"end":{"line":12,"column":39}},"7":{"start":{"line":13,"column":0},"end":{"line":13,"column":37}},"8":{"start":{"line":17,"column":0},"end":{"line":19,"column":3}},"9":{"start":{"line":18,"column":2},"end":{"line":18,"column":35}},"10":{"start":{"line":22,"column":0},"end":{"line":27,"column":3}},"11":{"start":{"line":23,"column":17},"end":{"line":23,"column":34}},"12":{"start":{"line":24,"column":18},"end":{"line":24,"column":29}},"13":{"start":{"line":25,"column":2},"end":{"line":25,"column":72}},"14":{"start":{"line":25,"column":39},"end":{"line":25,"column":72}},"15":{"start":{"line":26,"column":2},"end":{"line":26,"column":65}},"16":{"start":{"line":30,"column":0},"end":{"line":30,"column":21}}},"fnMap":{"0":{"name":"(anonymous_0)","decl":{"start":{"line":17,"column":8},"end":{"line":17,"column":9}},"loc":{"start":{"line":17,"column":34},"end":{"line":19,"column":1}},"line":17},"1":{"name":"(anonymous_1)","decl":{"start":{"line":22,"column":8},"end":{"line":22,"column":9}},"loc":{"start":{"line":22,"column":39},"end":{"line":27,"column":1}},"line":22}},"branchMap":{"0":{"loc":{"start":{"line":23,"column":17},"end":{"line":23,"column":34}},"type":"binary-expr","locations":[{"start":{"line":23,"column":17},"end":{"line":23,"column":27}},{"start":{"line":23,"column":31},"end":{"line":23,"column":34}}],"line":23},"1":{"loc":{"start":{"line":25,"column":2},"end":{"line":25,"column":72}},"type":"if","locations":[{"start":{"line":25,"column":2},"end":{"line":25,"column":72}},{"start":{"line":25,"column":2},"end":{"line":25,"column":72}}],"line":25}},"s":{"0":1,"1":1,"2":1,"3":1,"4":1,"5":1,"6":1,"7":1,"8":1,"9":0,"10":1,"11":4,"12":4,"13":4,"14":0,"15":4,"16":1},"f":{"0":0,"1":4},"b":{"0":[4,0],"1":[0,4]},"_coverageSchema":"1a1c01bbd47fc00a2c39e90264f33305004495a9","hash":"c6e90bcd7b5c7e846c81d5d2ea988e4c93611953"}
,"/Users/seankim/Dropbox/Programming/Rithm/rithm-exercises/w6/express-biztime/db.js": {"path":"/Users/seankim/Dropbox/Programming/Rithm/rithm-exercises/w6/express-biztime/db.js","statementMap":{"0":{"start":{"line":4,"column":19},"end":{"line":4,"column":32}},"1":{"start":{"line":6,"column":15},"end":{"line":8,"column":29}},"2":{"start":{"line":10,"column":9},"end":{"line":12,"column":2}},"3":{"start":{"line":14,"column":0},"end":{"line":14,"column":13}},"4":{"start":{"line":16,"column":0},"end":{"line":16,"column":20}}},"fnMap":{},"branchMap":{"0":{"loc":{"start":{"line":6,"column":15},"end":{"line":8,"column":29}},"type":"cond-expr","locations":[{"start":{"line":7,"column":6},"end":{"line":7,"column":34}},{"start":{"line":8,"column":6},"end":{"line":8,"column":29}}],"line":6}},"s":{"0":1,"1":1,"2":1,"3":1,"4":1},"f":{},"b":{"0":[1,0]},"_coverageSchema":"1a1c01bbd47fc00a2c39e90264f33305004495a9","hash":"7f9cb7a95bbf3344ebc4c70af935de68ddbb10fe"}
,"/Users/seankim/Dropbox/Programming/Rithm/rithm-exercises/w6/express-biztime/expressError.js": {"path":"/Users/seankim/Dropbox/Programming/Rithm/rithm-exercises/w6/express-biztime/expressError.js","statementMap":{"0":{"start":{"line":10,"column":4},"end":{"line":10,"column":12}},"1":{"start":{"line":11,"column":4},"end":{"line":11,"column":27}},"2":{"start":{"line":12,"column":4},"end":{"line":12,"column":25}},"3":{"start":{"line":20,"column":4},"end":{"line":20,"column":24}},"4":{"start":{"line":28,"column":4},"end":{"line":28,"column":24}},"5":{"start":{"line":36,"column":4},"end":{"line":36,"column":24}},"6":{"start":{"line":44,"column":4},"end":{"line":44,"column":24}},"7":{"start":{"line":48,"column":0},"end":{"line":54,"column":2}}},"fnMap":{"0":{"name":"(anonymous_0)","decl":{"start":{"line":9,"column":2},"end":{"line":9,"column":3}},"loc":{"start":{"line":9,"column":31},"end":{"line":13,"column":3}},"line":9},"1":{"name":"(anonymous_1)","decl":{"start":{"line":19,"column":2},"end":{"line":19,"column":3}},"loc":{"start":{"line":19,"column":37},"end":{"line":21,"column":3}},"line":19},"2":{"name":"(anonymous_2)","decl":{"start":{"line":27,"column":2},"end":{"line":27,"column":3}},"loc":{"start":{"line":27,"column":40},"end":{"line":29,"column":3}},"line":27},"3":{"name":"(anonymous_3)","decl":{"start":{"line":35,"column":2},"end":{"line":35,"column":3}},"loc":{"start":{"line":35,"column":39},"end":{"line":37,"column":3}},"line":35},"4":{"name":"(anonymous_4)","decl":{"start":{"line":43,"column":2},"end":{"line":43,"column":3}},"loc":{"start":{"line":43,"column":39},"end":{"line":45,"column":3}},"line":43}},"branchMap":{"0":{"loc":{"start":{"line":19,"column":14},"end":{"line":19,"column":35}},"type":"default-arg","locations":[{"start":{"line":19,"column":24},"end":{"line":19,"column":35}}],"line":19},"1":{"loc":{"start":{"line":27,"column":14},"end":{"line":27,"column":38}},"type":"default-arg","locations":[{"start":{"line":27,"column":24},"end":{"line":27,"column":38}}],"line":27},"2":{"loc":{"start":{"line":35,"column":14},"end":{"line":35,"column":37}},"type":"default-arg","locations":[{"start":{"line":35,"column":24},"end":{"line":35,"column":37}}],"line":35},"3":{"loc":{"start":{"line":43,"column":14},"end":{"line":43,"column":37}},"type":"default-arg","locations":[{"start":{"line":43,"column":24},"end":{"line":43,"column":37}}],"line":43}},"s":{"0":4,"1":4,"2":4,"3":3,"4":0,"5":1,"6":0,"7":1},"f":{"0":4,"1":3,"2":0,"3":1,"4":0},"b":{"0":[3],"1":[0],"2":[1],"3":[0]},"_coverageSchema":"1a1c01bbd47fc00a2c39e90264f33305004495a9","hash":"6a936273a482e2635cfe72159ffc7051d40a0b00"}
,"/Users/seankim/Dropbox/Programming/Rithm/rithm-exercises/w6/express-biztime/routes/companies.js": {"path":"/Users/seankim/Dropbox/Programming/Rithm/rithm-exercises/w6/express-biztime/routes/companies.js","statementMap":{"0":{"start":{"line":2,"column":16},"end":{"line":2,"column":34}},"1":{"start":{"line":3,"column":15},"end":{"line":3,"column":35}},"2":{"start":{"line":4,"column":11},"end":{"line":4,"column":27}},"3":{"start":{"line":5,"column":43},"end":{"line":5,"column":69}},"4":{"start":{"line":10,"column":0},"end":{"line":18,"column":5}},"5":{"start":{"line":12,"column":20},"end":{"line":14,"column":31}},"6":{"start":{"line":16,"column":22},"end":{"line":16,"column":34}},"7":{"start":{"line":17,"column":4},"end":{"line":17,"column":35}},"8":{"start":{"line":24,"column":0},"end":{"line":44,"column":5}},"9":{"start":{"line":26,"column":15},"end":{"line":26,"column":30}},"10":{"start":{"line":27,"column":26},"end":{"line":30,"column":40}},"11":{"start":{"line":32,"column":20},"end":{"line":32,"column":41}},"12":{"start":{"line":33,"column":4},"end":{"line":33,"column":57}},"13":{"start":{"line":33,"column":31},"end":{"line":33,"column":57}},"14":{"start":{"line":35,"column":28},"end":{"line":38,"column":47}},"15":{"start":{"line":40,"column":21},"end":{"line":40,"column":41}},"16":{"start":{"line":41,"column":4},"end":{"line":41,"column":51}},"17":{"start":{"line":41,"column":43},"end":{"line":41,"column":49}},"18":{"start":{"line":43,"column":4},"end":{"line":43,"column":33}},"19":{"start":{"line":49,"column":0},"end":{"line":62,"column":5}},"20":{"start":{"line":51,"column":38},"end":{"line":51,"column":46}},"21":{"start":{"line":52,"column":4},"end":{"line":53,"column":36}},"22":{"start":{"line":53,"column":6},"end":{"line":53,"column":34}},"23":{"start":{"line":55,"column":19},"end":{"line":59,"column":32}},"24":{"start":{"line":60,"column":20},"end":{"line":60,"column":34}},"25":{"start":{"line":61,"column":4},"end":{"line":61,"column":45}},"26":{"start":{"line":68,"column":0},"end":{"line":84,"column":5}},"27":{"start":{"line":70,"column":15},"end":{"line":70,"column":30}},"28":{"start":{"line":71,"column":32},"end":{"line":71,"column":40}},"29":{"start":{"line":73,"column":19},"end":{"line":79,"column":32}},"30":{"start":{"line":80,"column":20},"end":{"line":80,"column":34}},"31":{"start":{"line":81,"column":4},"end":{"line":81,"column":57}},"32":{"start":{"line":81,"column":31},"end":{"line":81,"column":57}},"33":{"start":{"line":83,"column":4},"end":{"line":83,"column":33}},"34":{"start":{"line":90,"column":0},"end":{"line":100,"column":5}},"35":{"start":{"line":92,"column":15},"end":{"line":92,"column":30}},"36":{"start":{"line":93,"column":19},"end":{"line":96,"column":31}},"37":{"start":{"line":97,"column":20},"end":{"line":97,"column":34}},"38":{"start":{"line":98,"column":4},"end":{"line":98,"column":57}},"39":{"start":{"line":98,"column":31},"end":{"line":98,"column":57}},"40":{"start":{"line":99,"column":4},"end":{"line":99,"column":45}},"41":{"start":{"line":102,"column":0},"end":{"line":102,"column":24}}},"fnMap":{"0":{"name":"(anonymous_0)","decl":{"start":{"line":11,"column":2},"end":{"line":11,"column":3}},"loc":{"start":{"line":11,"column":34},"end":{"line":18,"column":3}},"line":11},"1":{"name":"(anonymous_1)","decl":{"start":{"line":25,"column":2},"end":{"line":25,"column":3}},"loc":{"start":{"line":25,"column":34},"end":{"line":44,"column":3}},"line":25},"2":{"name":"(anonymous_2)","decl":{"start":{"line":41,"column":36},"end":{"line":41,"column":37}},"loc":{"start":{"line":41,"column":43},"end":{"line":41,"column":49}},"line":41},"3":{"name":"(anonymous_3)","decl":{"start":{"line":50,"column":2},"end":{"line":50,"column":3}},"loc":{"start":{"line":50,"column":34},"end":{"line":62,"column":3}},"line":50},"4":{"name":"(anonymous_4)","decl":{"start":{"line":69,"column":2},"end":{"line":69,"column":3}},"loc":{"start":{"line":69,"column":34},"end":{"line":84,"column":3}},"line":69},"5":{"name":"(anonymous_5)","decl":{"start":{"line":91,"column":2},"end":{"line":91,"column":3}},"loc":{"start":{"line":91,"column":34},"end":{"line":100,"column":3}},"line":91}},"branchMap":{"0":{"loc":{"start":{"line":33,"column":4},"end":{"line":33,"column":57}},"type":"if","locations":[{"start":{"line":33,"column":4},"end":{"line":33,"column":57}},{"start":{"line":33,"column":4},"end":{"line":33,"column":57}}],"line":33},"1":{"loc":{"start":{"line":52,"column":4},"end":{"line":53,"column":36}},"type":"if","locations":[{"start":{"line":52,"column":4},"end":{"line":53,"column":36}},{"start":{"line":52,"column":4},"end":{"line":53,"column":36}}],"line":52},"2":{"loc":{"start":{"line":52,"column":8},"end":{"line":52,"column":77}},"type":"binary-expr","locations":[{"start":{"line":52,"column":8},"end":{"line":52,"column":26}},{"start":{"line":52,"column":30},"end":{"line":52,"column":48}},{"start":{"line":52,"column":52},"end":{"line":52,"column":77}}],"line":52},"3":{"loc":{"start":{"line":81,"column":4},"end":{"line":81,"column":57}},"type":"if","locations":[{"start":{"line":81,"column":4},"end":{"line":81,"column":57}},{"start":{"line":81,"column":4},"end":{"line":81,"column":57}}],"line":81},"4":{"loc":{"start":{"line":98,"column":4},"end":{"line":98,"column":57}},"type":"if","locations":[{"start":{"line":98,"column":4},"end":{"line":98,"column":57}},{"start":{"line":98,"column":4},"end":{"line":98,"column":57}}],"line":98}},"s":{"0":1,"1":1,"2":1,"3":1,"4":1,"5":1,"6":1,"7":1,"8":1,"9":2,"10":2,"11":2,"12":2,"13":1,"14":1,"15":1,"16":1,"17":1,"18":1,"19":1,"20":3,"21":3,"22":1,"23":2,"24":2,"25":2,"26":1,"27":2,"28":2,"29":2,"30":2,"31":2,"32":1,"33":1,"34":1,"35":2,"36":2,"37":2,"38":2,"39":1,"40":1,"41":1},"f":{"0":1,"1":2,"2":1,"3":3,"4":2,"5":2},"b":{"0":[1,1],"1":[1,2],"2":[3,2,2],"3":[1,1],"4":[1,1]},"_coverageSchema":"1a1c01bbd47fc00a2c39e90264f33305004495a9","hash":"45b6c3fa16198237599ea9bbbec4415ea62adc70"}
,"/Users/seankim/Dropbox/Programming/Rithm/rithm-exercises/w6/express-biztime/routes/invoices.js": {"path":"/Users/seankim/Dropbox/Programming/Rithm/rithm-exercises/w6/express-biztime/routes/invoices.js","statementMap":{"0":{"start":{"line":2,"column":17},"end":{"line":2,"column":39}},"1":{"start":{"line":3,"column":16},"end":{"line":3,"column":34}},"2":{"start":{"line":4,"column":15},"end":{"line":4,"column":35}},"3":{"start":{"line":5,"column":11},"end":{"line":5,"column":27}},"4":{"start":{"line":6,"column":26},"end":{"line":6,"column":52}},"5":{"start":{"line":11,"column":0},"end":{"line":20,"column":5}},"6":{"start":{"line":13,"column":20},"end":{"line":15,"column":30}},"7":{"start":{"line":17,"column":21},"end":{"line":17,"column":33}},"8":{"start":{"line":19,"column":4},"end":{"line":19,"column":34}},"9":{"start":{"line":26,"column":0},"end":{"line":48,"column":1}},"10":{"start":{"line":28,"column":13},"end":{"line":28,"column":26}},"11":{"start":{"line":30,"column":27},"end":{"line":33,"column":37}},"12":{"start":{"line":35,"column":20},"end":{"line":35,"column":42}},"13":{"start":{"line":37,"column":27},"end":{"line":40,"column":54}},"14":{"start":{"line":42,"column":20},"end":{"line":42,"column":41}},"15":{"start":{"line":44,"column":4},"end":{"line":44,"column":57}},"16":{"start":{"line":44,"column":31},"end":{"line":44,"column":57}},"17":{"start":{"line":46,"column":4},"end":{"line":46,"column":38}},"18":{"start":{"line":54,"column":0},"end":{"line":66,"column":5}},"19":{"start":{"line":56,"column":29},"end":{"line":56,"column":37}},"20":{"start":{"line":58,"column":19},"end":{"line":62,"column":23}},"21":{"start":{"line":64,"column":20},"end":{"line":64,"column":34}},"22":{"start":{"line":65,"column":4},"end":{"line":65,"column":45}},"23":{"start":{"line":73,"column":0},"end":{"line":90,"column":5}},"24":{"start":{"line":75,"column":13},"end":{"line":75,"column":26}},"25":{"start":{"line":76,"column":18},"end":{"line":76,"column":26}},"26":{"start":{"line":78,"column":19},"end":{"line":83,"column":16}},"27":{"start":{"line":85,"column":20},"end":{"line":85,"column":34}},"28":{"start":{"line":87,"column":4},"end":{"line":87,"column":57}},"29":{"start":{"line":87,"column":31},"end":{"line":87,"column":57}},"30":{"start":{"line":89,"column":4},"end":{"line":89,"column":33}},"31":{"start":{"line":93,"column":0},"end":{"line":107,"column":5}},"32":{"start":{"line":95,"column":13},"end":{"line":95,"column":26}},"33":{"start":{"line":97,"column":19},"end":{"line":100,"column":27}},"34":{"start":{"line":102,"column":20},"end":{"line":102,"column":34}},"35":{"start":{"line":104,"column":4},"end":{"line":104,"column":57}},"36":{"start":{"line":104,"column":31},"end":{"line":104,"column":57}},"37":{"start":{"line":106,"column":4},"end":{"line":106,"column":45}},"38":{"start":{"line":109,"column":0},"end":{"line":109,"column":24}}},"fnMap":{"0":{"name":"(anonymous_0)","decl":{"start":{"line":12,"column":2},"end":{"line":12,"column":3}},"loc":{"start":{"line":12,"column":34},"end":{"line":20,"column":3}},"line":12},"1":{"name":"(anonymous_1)","decl":{"start":{"line":27,"column":2},"end":{"line":27,"column":3}},"loc":{"start":{"line":27,"column":34},"end":{"line":47,"column":3}},"line":27},"2":{"name":"(anonymous_2)","decl":{"start":{"line":55,"column":2},"end":{"line":55,"column":3}},"loc":{"start":{"line":55,"column":34},"end":{"line":66,"column":3}},"line":55},"3":{"name":"(anonymous_3)","decl":{"start":{"line":74,"column":2},"end":{"line":74,"column":3}},"loc":{"start":{"line":74,"column":34},"end":{"line":90,"column":3}},"line":74},"4":{"name":"(anonymous_4)","decl":{"start":{"line":94,"column":2},"end":{"line":94,"column":3}},"loc":{"start":{"line":94,"column":34},"end":{"line":107,"column":3}},"line":94}},"branchMap":{"0":{"loc":{"start":{"line":44,"column":4},"end":{"line":44,"column":57}},"type":"if","locations":[{"start":{"line":44,"column":4},"end":{"line":44,"column":57}},{"start":{"line":44,"column":4},"end":{"line":44,"column":57}}],"line":44},"1":{"loc":{"start":{"line":87,"column":4},"end":{"line":87,"column":57}},"type":"if","locations":[{"start":{"line":87,"column":4},"end":{"line":87,"column":57}},{"start":{"line":87,"column":4},"end":{"line":87,"column":57}}],"line":87},"2":{"loc":{"start":{"line":104,"column":4},"end":{"line":104,"column":57}},"type":"if","locations":[{"start":{"line":104,"column":4},"end":{"line":104,"column":57}},{"start":{"line":104,"column":4},"end":{"line":104,"column":57}}],"line":104}},"s":{"0":1,"1":1,"2":1,"3":1,"4":1,"5":1,"6":0,"7":0,"8":0,"9":1,"10":0,"11":0,"12":0,"13":0,"14":0,"15":0,"16":0,"17":0,"18":1,"19":0,"20":0,"21":0,"22":0,"23":1,"24":0,"25":0,"26":0,"27":0,"28":0,"29":0,"30":0,"31":1,"32":0,"33":0,"34":0,"35":0,"36":0,"37":0,"38":1},"f":{"0":0,"1":0,"2":0,"3":0,"4":0},"b":{"0":[0,0],"1":[0,0],"2":[0,0]},"_coverageSchema":"1a1c01bbd47fc00a2c39e90264f33305004495a9","hash":"def045e6646369b4f177c7ee4c69a98fe0834e32"}
}
