TN:
SF:app.js
FN:17,(anonymous_0)
FN:22,(anonymous_1)
FNF:2
FNH:1
FNDA:0,(anonymous_0)
FNDA:4,(anonymous_1)
DA:4,1
DA:5,1
DA:6,1
DA:7,1
DA:8,1
DA:10,1
DA:12,1
DA:13,1
DA:17,1
DA:18,0
DA:22,1
DA:23,4
DA:24,4
DA:25,4
DA:26,4
DA:30,1
LF:16
LH:15
BRDA:23,0,0,4
BRDA:23,0,1,0
BRDA:25,1,0,0
BRDA:25,1,1,4
BRF:4
BRH:2
end_of_record
TN:
SF:db.js
FNF:0
FNH:0
DA:4,1
DA:6,1
DA:10,1
DA:14,1
DA:16,1
LF:5
LH:5
BRDA:6,0,0,1
BRDA:6,0,1,0
BRF:2
BRH:1
end_of_record
TN:
SF:expressError.js
FN:9,(anonymous_0)
FN:19,(anonymous_1)
FN:27,(anonymous_2)
FN:35,(anonymous_3)
FN:43,(anonymous_4)
FNF:5
FNH:3
FNDA:4,(anonymous_0)
FNDA:3,(anonymous_1)
FNDA:0,(anonymous_2)
FNDA:1,(anonymous_3)
FNDA:0,(anonymous_4)
DA:10,4
DA:11,4
DA:12,4
DA:20,3
DA:28,0
DA:36,1
DA:44,0
DA:48,1
LF:8
LH:6
BRDA:19,0,0,3
BRDA:27,1,0,0
BRDA:35,2,0,1
BRDA:43,3,0,0
BRF:4
BRH:2
end_of_record
TN:
SF:routes/companies.js
FN:11,(anonymous_0)
FN:25,(anonymous_1)
FN:41,(anonymous_2)
FN:50,(anonymous_3)
FN:69,(anonymous_4)
FN:91,(anonymous_5)
FNF:6
FNH:6
FNDA:1,(anonymous_0)
FNDA:2,(anonymous_1)
FNDA:1,(anonymous_2)
FNDA:3,(anonymous_3)
FNDA:2,(anonymous_4)
FNDA:2,(anonymous_5)
DA:2,1
DA:3,1
DA:4,1
DA:5,1
DA:10,1
DA:12,1
DA:16,1
DA:17,1
DA:24,1
DA:26,2
DA:27,2
DA:32,2
DA:33,2
DA:35,1
DA:40,1
DA:41,1
DA:43,1
DA:49,1
DA:51,3
DA:52,3
DA:53,1
DA:55,2
DA:60,2
DA:61,2
DA:68,1
DA:70,2
DA:71,2
DA:73,2
DA:80,2
DA:81,2
DA:83,1
DA:90,1
DA:92,2
DA:93,2
DA:97,2
DA:98,2
DA:99,1
DA:102,1
LF:38
LH:38
BRDA:33,0,0,1
BRDA:33,0,1,1
BRDA:52,1,0,1
BRDA:52,1,1,2
BRDA:52,2,0,3
BRDA:52,2,1,2
BRDA:52,2,2,2
BRDA:81,3,0,1
BRDA:81,3,1,1
BRDA:98,4,0,1
BRDA:98,4,1,1
BRF:11
BRH:11
end_of_record
TN:
SF:routes/invoices.js
FN:12,(anonymous_0)
FN:27,(anonymous_1)
FN:55,(anonymous_2)
FN:74,(anonymous_3)
FN:94,(anonymous_4)
FNF:5
FNH:0
FNDA:0,(anonymous_0)
FNDA:0,(anonymous_1)
FNDA:0,(anonymous_2)
FNDA:0,(anonymous_3)
FNDA:0,(anonymous_4)
DA:2,1
DA:3,1
DA:4,1
DA:5,1
DA:6,1
DA:11,1
DA:13,0
DA:17,0
DA:19,0
DA:26,1
DA:28,0
DA:30,0
DA:35,0
DA:37,0
DA:42,0
DA:44,0
DA:46,0
DA:54,1
DA:56,0
DA:58,0
DA:64,0
DA:65,0
DA:73,1
DA:75,0
DA:76,0
DA:78,0
DA:85,0
DA:87,0
DA:89,0
DA:93,1
DA:95,0
DA:97,0
DA:102,0
DA:104,0
DA:106,0
DA:109,1
LF:36
LH:11
BRDA:44,0,0,0
BRDA:44,0,1,0
BRDA:87,1,0,0
BRDA:87,1,1,0
BRDA:104,2,0,0
BRDA:104,2,1,0
BRF:6
BRH:0
end_of_record
